<?xml version="1.0" encoding="UTF-8"?>
<testng-results ignored="0" total="1" passed="1" failed="0" skipped="0">
  <reporter-output>
  </reporter-output>
  <suite started-at="2022-06-02T13:12:45 IST" name="Default suite" finished-at="2022-06-02T13:12:46 IST" duration-ms="778">
    <groups>
    </groups>
    <test started-at="2022-06-02T13:12:45 IST" name="Default test" finished-at="2022-06-02T13:12:46 IST" duration-ms="778">
      <class name="com.git.practice.PracticeGitBash">
        <test-method signature="Practice()[pri:0, instance:com.git.practice.PracticeGitBash@2d746ce4]" started-at="2022-06-02T13:12:45 IST" name="Practice" finished-at="2022-06-02T13:12:45 IST" duration-ms="379" status="PASS">
          <reporter-output>
          </reporter-output>
        </test-method> <!-- Practice -->
      </class> <!-- com.git.practice.PracticeGitBash -->
    </test> <!-- Default test -->
  </suite> <!-- Default suite -->
</testng-results>
